<?xml version="1.0" encoding="UTF-8"?>
<!-- Generated by org.testng.reporters.JUnitReportReporter -->
<testsuite skipped="0" hostname="DESKTOP-63VVHER" name="com.ta3s.testcases.LoginTest" tests="1" failures="0" timestamp="25 Mar 2017 05:14:15 GMT" time="1.172" errors="0">
  <testcase name="SignIn" time="1.172" classname="com.ta3s.testcases.LoginTest"/>
</testsuite> <!-- com.ta3s.testcases.LoginTest -->
